  main1.c
C:\Users\elise\source\repos\TP5\exercicen1\main1.c(37,48): warning C4047: 'fonction' : les niveaux d'indirection de 'int' et de 'int *' sont différents
C:\Users\elise\source\repos\TP5\exercicen1\main1.c(37,40): warning C4024: 'initTab' : types différents pour le paramètre formel et réel 2
C:\Users\elise\source\repos\TP5\exercicen1\main1.c(41,32): warning C4047: 'fonction' : les niveaux d'indirection de 'int' et de 'int *' sont différents
C:\Users\elise\source\repos\TP5\exercicen1\main1.c(41,24): warning C4024: 'fillTabuntilN' : types différents pour le paramètre formel et réel 2
C:\Users\elise\source\repos\TP5\exercicen1\main1.c(41,41): warning C4047: 'fonction' : les niveaux d'indirection de 'int' et de 'int *' sont différents
C:\Users\elise\source\repos\TP5\exercicen1\main1.c(41,34): warning C4024: 'fillTabuntilN' : types différents pour le paramètre formel et réel 3
C:\Users\elise\source\repos\TP5\exercicen1\main1.c(43,55): warning C4047: 'fonction' : les niveaux d'indirection de 'int *' et de 'int **' sont différents
C:\Users\elise\source\repos\TP5\exercicen1\main1.c(43,46): warning C4024: 'ajouteElementDansLeTableau' : types différents pour le paramètre formel et réel 2
C:\Users\elise\source\repos\TP5\exercicen1\main1.c(43,65): warning C4047: 'fonction' : les niveaux d'indirection de 'int *' et de 'int **' sont différents
C:\Users\elise\source\repos\TP5\exercicen1\main1.c(43,57): warning C4024: 'ajouteElementDansLeTableau' : types différents pour le paramètre formel et réel 3
C:\Users\elise\source\repos\TP5\exercicen1\main1.c(44,55): warning C4047: 'fonction' : les niveaux d'indirection de 'int *' et de 'int **' sont différents
C:\Users\elise\source\repos\TP5\exercicen1\main1.c(44,46): warning C4024: 'ajouteElementDansLeTableau' : types différents pour le paramètre formel et réel 2
C:\Users\elise\source\repos\TP5\exercicen1\main1.c(44,65): warning C4047: 'fonction' : les niveaux d'indirection de 'int *' et de 'int **' sont différents
C:\Users\elise\source\repos\TP5\exercicen1\main1.c(44,57): warning C4024: 'ajouteElementDansLeTableau' : types différents pour le paramètre formel et réel 3
C:\Users\elise\source\repos\TP5\exercicen1\main1.c(46,29): warning C4047: 'fonction' : les niveaux d'indirection de 'int' et de 'int *' sont différents
C:\Users\elise\source\repos\TP5\exercicen1\main1.c(46,21): warning C4024: 'afficheTab' : types différents pour le paramètre formel et réel 2
C:\Users\elise\source\repos\TP5\exercicen1\main1.c(46,38): warning C4047: 'fonction' : les niveaux d'indirection de 'int' et de 'int *' sont différents
C:\Users\elise\source\repos\TP5\exercicen1\main1.c(46,31): warning C4024: 'afficheTab' : types différents pour le paramètre formel et réel 3
C:\Users\elise\source\repos\TP5\exercicen1\main1.c(30,1): warning C4047: 'initialisation' : les niveaux d'indirection de 'int *' et de 'int' sont différents
C:\Users\elise\source\repos\TP5\exercicen1\main1.c(31,1): warning C4047: 'initialisation' : les niveaux d'indirection de 'int *' et de 'int' sont différents
  tab.c
C:\Users\elise\source\repos\TP5\exercicen1\tab.c(15,50): warning C4047: 'return' : les niveaux d'indirection de 'int' et de 'void *' sont différents
  Génération de code en cours...
C:\Users\elise\source\repos\TP5\exercicen1\tab.c(11): warning C4715: 'initTab' : les chemins de contrôle ne retournent pas tous une valeur
C:\Users\elise\source\repos\TP5\exercicen1\tab.c(20): warning C4715: 'afficheTab' : les chemins de contrôle ne retournent pas tous une valeur
C:\Users\elise\source\repos\TP5\exercicen1\tab.c(60): warning C4715: 'ajouteElementDansLeTableau' : les chemins de contrôle ne retournent pas tous une valeur
C:\Users\elise\source\repos\TP5\exercicen1\tab.c(30): warning C4715: 'fillTabuntilN' : les chemins de contrôle ne retournent pas tous une valeur
  exercicen1.vcxproj -> C:\Users\elise\source\repos\TP5\Debug\exercicen1.exe
